Performing C SOURCE FILE Test CMAKE_HAVE_LIBC_PTHREAD failed with the following output:
Change Dir: /home/libra/ClionPRO/cmake-build-debug/CMakeFiles/CMakeTmp

Run Build Command(s):/usr/bin/make cmTC_078b3/fast && /usr/bin/make -f CMakeFiles/cmTC_078b3.dir/build.make CMakeFiles/cmTC_078b3.dir/build
make[1]: Entering directory '/home/libra/ClionPRO/cmake-build-debug/CMakeFiles/CMakeTmp'
Building C object CMakeFiles/cmTC_078b3.dir/src.c.o
/usr/bin/cc   -DCMAKE_HAVE_LIBC_PTHREAD   -o CMakeFiles/cmTC_078b3.dir/src.c.o   -c /home/libra/ClionPRO/cmake-build-debug/CMakeFiles/CMakeTmp/src.c
Linking C executable cmTC_078b3
/home/libra/Downloads/clion-2020.1.2/bin/cmake/linux/bin/cmake -E cmake_link_script CMakeFiles/cmTC_078b3.dir/link.txt --verbose=1
/usr/bin/cc  -DCMAKE_HAVE_LIBC_PTHREAD    CMakeFiles/cmTC_078b3.dir/src.c.o  -o cmTC_078b3 
CMakeFiles/cmTC_078b3.dir/src.c.o：在函数‘main’中：
src.c:(.text+0x2f)：对‘pthread_create’未定义的引用
src.c:(.text+0x3b)：对‘pthread_detach’未定义的引用
src.c:(.text+0x4c)：对‘pthread_join’未定义的引用
src.c:(.text+0x60)：对‘pthread_atfork’未定义的引用
collect2: error: ld returned 1 exit status
CMakeFiles/cmTC_078b3.dir/build.make:86: recipe for target 'cmTC_078b3' failed
make[1]: *** [cmTC_078b3] Error 1
make[1]: Leaving directory '/home/libra/ClionPRO/cmake-build-debug/CMakeFiles/CMakeTmp'
Makefile:121: recipe for target 'cmTC_078b3/fast' failed
make: *** [cmTC_078b3/fast] Error 2


Source file was:
#include <pthread.h>

void* test_func(void* data)
{
  return data;
}

int main(void)
{
  pthread_t thread;
  pthread_create(&thread, NULL, test_func, NULL);
  pthread_detach(thread);
  pthread_join(thread, NULL);
  pthread_atfork(NULL, NULL, NULL);
  pthread_exit(NULL);

  return 0;
}

Determining if the function pthread_create exists in the pthreads failed with the following output:
Change Dir: /home/libra/ClionPRO/cmake-build-debug/CMakeFiles/CMakeTmp

Run Build Command(s):/usr/bin/make cmTC_8135d/fast && /usr/bin/make -f CMakeFiles/cmTC_8135d.dir/build.make CMakeFiles/cmTC_8135d.dir/build
make[1]: Entering directory '/home/libra/ClionPRO/cmake-build-debug/CMakeFiles/CMakeTmp'
Building C object CMakeFiles/cmTC_8135d.dir/CheckFunctionExists.c.o
/usr/bin/cc   -DCHECK_FUNCTION_EXISTS=pthread_create   -o CMakeFiles/cmTC_8135d.dir/CheckFunctionExists.c.o   -c /home/libra/Downloads/clion-2020.1.2/bin/cmake/linux/share/cmake-3.16/Modules/CheckFunctionExists.c
Linking C executable cmTC_8135d
/home/libra/Downloads/clion-2020.1.2/bin/cmake/linux/bin/cmake -E cmake_link_script CMakeFiles/cmTC_8135d.dir/link.txt --verbose=1
/usr/bin/cc  -DCHECK_FUNCTION_EXISTS=pthread_create    CMakeFiles/cmTC_8135d.dir/CheckFunctionExists.c.o  -o cmTC_8135d  -lpthreads 
/usr/bin/ld: 找不到 -lpthreads
collect2: error: ld returned 1 exit status
CMakeFiles/cmTC_8135d.dir/build.make:86: recipe for target 'cmTC_8135d' failed
make[1]: *** [cmTC_8135d] Error 1
make[1]: Leaving directory '/home/libra/ClionPRO/cmake-build-debug/CMakeFiles/CMakeTmp'
Makefile:121: recipe for target 'cmTC_8135d/fast' failed
make: *** [cmTC_8135d/fast] Error 2



